This file contains any messages produced by compilers while
running configure, to aid debugging if configure makes a mistake.

It was created by linux nfs-utils configure 1.2.8, which was
generated by GNU Autoconf 2.69.  Invocation command line was

  $ ./configure --disable-gss

## --------- ##
## Platform. ##
## --------- ##

hostname = bighat.boston.devel.redhat.com
uname -m = x86_64
uname -r = 3.8.8-202.fc18.x86_64
uname -s = Linux
uname -v = #1 SMP Wed Apr 17 23:25:17 UTC 2013

/usr/bin/uname -p = x86_64
/bin/uname -X     = unknown

/bin/arch              = x86_64
/usr/bin/arch -k       = unknown
/usr/convex/getsysinfo = unknown
/usr/bin/hostinfo      = unknown
/bin/machine           = unknown
/usr/bin/oslevel       = unknown
/bin/universe          = unknown

PATH: /usr/lib64/qt-3.3/bin
PATH: /usr/local/bin
PATH: /usr/bin
PATH: /usr/local/sbin
PATH: /usr/sbin
PATH: /sbin
PATH: /usr/sbin
PATH: /usr/local/bin
PATH: /usr/local/kde/bin
PATH: /home/steved/bin
PATH: /home/steved/bin


## ----------- ##
## Core tests. ##
## ----------- ##

configure:2765: checking build system type
configure:2779: result: x86_64-unknown-linux-gnu
configure:2799: checking host system type
configure:2812: result: x86_64-unknown-linux-gnu
configure:2849: checking for a BSD-compatible install
configure:2917: result: /usr/bin/install -c
configure:2928: checking whether build environment is sane
configure:2983: result: yes
configure:3134: checking for a thread-safe mkdir -p
configure:3173: result: /usr/bin/mkdir -p
configure:3180: checking for gawk
configure:3196: found /usr/bin/gawk
configure:3207: result: gawk
configure:3218: checking whether make sets $(MAKE)
configure:3240: result: yes
configure:3329: checking whether to enable maintainer-specific portions of Makefiles
configure:3338: result: no
configure:3655: checking for style of include used by make
configure:3683: result: GNU
configure:3754: checking for gcc
configure:3770: found /usr/bin/gcc
configure:3781: result: gcc
configure:4010: checking for C compiler version
configure:4019: gcc --version >&5
gcc (GCC) 4.7.2 20121109 (Red Hat 4.7.2-8)
Copyright (C) 2012 Free Software Foundation, Inc.
This is free software; see the source for copying conditions.  There is NO
warranty; not even for MERCHANTABILITY or FITNESS FOR A PARTICULAR PURPOSE.

configure:4030: $? = 0
configure:4019: gcc -v >&5
Using built-in specs.
COLLECT_GCC=gcc
COLLECT_LTO_WRAPPER=/usr/libexec/gcc/x86_64-redhat-linux/4.7.2/lto-wrapper
Target: x86_64-redhat-linux
Configured with: ../configure --prefix=/usr --mandir=/usr/share/man --infodir=/usr/share/info --with-bugurl=http://bugzilla.redhat.com/bugzilla --enable-bootstrap --enable-shared --enable-threads=posix --enable-checking=release --disable-build-with-cxx --disable-build-poststage1-with-cxx --with-system-zlib --enable-__cxa_atexit --disable-libunwind-exceptions --enable-gnu-unique-object --enable-linker-build-id --with-linker-hash-style=gnu --enable-languages=c,c++,objc,obj-c++,java,fortran,ada,go,lto --enable-plugin --enable-initfini-array --enable-java-awt=gtk --disable-dssi --with-java-home=/usr/lib/jvm/java-1.5.0-gcj-1.5.0.0/jre --enable-libgcj-multifile --enable-java-maintainer-mode --with-ecj-jar=/usr/share/java/eclipse-ecj.jar --disable-libjava-multilib --with-ppl --with-cloog --with-tune=generic --with-arch_32=i686 --build=x86_64-redhat-linux
Thread model: posix
gcc version 4.7.2 20121109 (Red Hat 4.7.2-8) (GCC) 
configure:4030: $? = 0
configure:4019: gcc -V >&5
gcc: error: unrecognized command line option '-V'
gcc: fatal error: no input files
compilation terminated.
configure:4030: $? = 4
configure:4019: gcc -qversion >&5
gcc: error: unrecognized command line option '-qversion'
gcc: fatal error: no input files
compilation terminated.
configure:4030: $? = 4
configure:4050: checking whether the C compiler works
configure:4072: gcc    conftest.c  >&5
configure:4076: $? = 0
configure:4124: result: yes
configure:4127: checking for C compiler default output file name
configure:4129: result: a.out
configure:4135: checking for suffix of executables
configure:4142: gcc -o conftest    conftest.c  >&5
configure:4146: $? = 0
configure:4168: result: 
configure:4190: checking whether we are cross compiling
configure:4198: gcc -o conftest    conftest.c  >&5
configure:4202: $? = 0
configure:4209: ./conftest
configure:4213: $? = 0
configure:4228: result: no
configure:4233: checking for suffix of object files
configure:4255: gcc -c   conftest.c >&5
configure:4259: $? = 0
configure:4280: result: o
configure:4284: checking whether we are using the GNU C compiler
configure:4303: gcc -c   conftest.c >&5
configure:4303: $? = 0
configure:4312: result: yes
configure:4321: checking whether gcc accepts -g
configure:4341: gcc -c -g  conftest.c >&5
configure:4341: $? = 0
configure:4382: result: yes
configure:4399: checking for gcc option to accept ISO C89
configure:4462: gcc  -c -g -O2  conftest.c >&5
configure:4462: $? = 0
configure:4475: result: none needed
configure:4497: checking dependency style of gcc
configure:4608: result: gcc3
configure:4629: checking how to run the C preprocessor
configure:4660: gcc -E  conftest.c
configure:4660: $? = 0
configure:4674: gcc -E  conftest.c
conftest.c:12:28: fatal error: ac_nonexistent.h: No such file or directory
compilation terminated.
configure:4674: $? = 1
configure: failed program was:
| /* confdefs.h */
| #define PACKAGE_NAME "linux nfs-utils"
| #define PACKAGE_TARNAME "nfs-utils"
| #define PACKAGE_VERSION "1.2.8"
| #define PACKAGE_STRING "linux nfs-utils 1.2.8"
| #define PACKAGE_BUGREPORT "linux-nfs@vger.kernel.org"
| #define PACKAGE_URL ""
| #define PACKAGE "nfs-utils"
| #define VERSION "1.2.8"
| #define START_STATD "/usr/sbin/start-statd"
| /* end confdefs.h.  */
| #include <ac_nonexistent.h>
configure:4699: result: gcc -E
configure:4719: gcc -E  conftest.c
configure:4719: $? = 0
configure:4733: gcc -E  conftest.c
conftest.c:12:28: fatal error: ac_nonexistent.h: No such file or directory
compilation terminated.
configure:4733: $? = 1
configure: failed program was:
| /* confdefs.h */
| #define PACKAGE_NAME "linux nfs-utils"
| #define PACKAGE_TARNAME "nfs-utils"
| #define PACKAGE_VERSION "1.2.8"
| #define PACKAGE_STRING "linux nfs-utils 1.2.8"
| #define PACKAGE_BUGREPORT "linux-nfs@vger.kernel.org"
| #define PACKAGE_URL ""
| #define PACKAGE "nfs-utils"
| #define VERSION "1.2.8"
| #define START_STATD "/usr/sbin/start-statd"
| /* end confdefs.h.  */
| #include <ac_nonexistent.h>
configure:4762: checking for grep that handles long lines and -e
configure:4820: result: /usr/bin/grep
configure:4825: checking for egrep
configure:4887: result: /usr/bin/grep -E
configure:4892: checking for ANSI C header files
configure:4912: gcc -c -g -O2  conftest.c >&5
configure:4912: $? = 0
configure:4985: gcc -o conftest -g -O2   conftest.c  >&5
configure:4985: $? = 0
configure:4985: ./conftest
configure:4985: $? = 0
configure:4996: result: yes
configure:5009: checking for sys/types.h
configure:5009: gcc -c -g -O2  conftest.c >&5
configure:5009: $? = 0
configure:5009: result: yes
configure:5009: checking for sys/stat.h
configure:5009: gcc -c -g -O2  conftest.c >&5
configure:5009: $? = 0
configure:5009: result: yes
configure:5009: checking for stdlib.h
configure:5009: gcc -c -g -O2  conftest.c >&5
configure:5009: $? = 0
configure:5009: result: yes
configure:5009: checking for string.h
configure:5009: gcc -c -g -O2  conftest.c >&5
configure:5009: $? = 0
configure:5009: result: yes
configure:5009: checking for memory.h
configure:5009: gcc -c -g -O2  conftest.c >&5
configure:5009: $? = 0
configure:5009: result: yes
configure:5009: checking for strings.h
configure:5009: gcc -c -g -O2  conftest.c >&5
configure:5009: $? = 0
configure:5009: result: yes
configure:5009: checking for inttypes.h
configure:5009: gcc -c -g -O2  conftest.c >&5
configure:5009: $? = 0
configure:5009: result: yes
configure:5009: checking for stdint.h
configure:5009: gcc -c -g -O2  conftest.c >&5
configure:5009: $? = 0
configure:5009: result: yes
configure:5009: checking for unistd.h
configure:5009: gcc -c -g -O2  conftest.c >&5
configure:5009: $? = 0
configure:5009: result: yes
configure:5035: checking for clnt_tli_create in -ltirpc
configure:5060: gcc -o conftest -g -O2   conftest.c -ltirpc   >&5
configure:5060: $? = 0
configure:5069: result: yes
configure:5087: checking for authgss_free_private_data in -ltirpc
configure:5112: gcc -o conftest -g -O2   conftest.c -ltirpc   >&5
/tmp/ccz8Nefx.o: In function `main':
/tmp/nfs-utils-1.2.8/conftest.c:33: undefined reference to `authgss_free_private_data'
collect2: error: ld returned 1 exit status
configure:5112: $? = 1
configure: failed program was:
| /* confdefs.h */
| #define PACKAGE_NAME "linux nfs-utils"
| #define PACKAGE_TARNAME "nfs-utils"
| #define PACKAGE_VERSION "1.2.8"
| #define PACKAGE_STRING "linux nfs-utils 1.2.8"
| #define PACKAGE_BUGREPORT "linux-nfs@vger.kernel.org"
| #define PACKAGE_URL ""
| #define PACKAGE "nfs-utils"
| #define VERSION "1.2.8"
| #define START_STATD "/usr/sbin/start-statd"
| #define STDC_HEADERS 1
| #define HAVE_SYS_TYPES_H 1
| #define HAVE_SYS_STAT_H 1
| #define HAVE_STDLIB_H 1
| #define HAVE_STRING_H 1
| #define HAVE_MEMORY_H 1
| #define HAVE_STRINGS_H 1
| #define HAVE_INTTYPES_H 1
| #define HAVE_STDINT_H 1
| #define HAVE_UNISTD_H 1
| /* end confdefs.h.  */
| 
| /* Override any GCC internal prototype to avoid an error.
|    Use char because int might match the return type of a GCC
|    builtin and then its argument prototype would still apply.  */
| #ifdef __cplusplus
| extern "C"
| #endif
| char authgss_free_private_data ();
| int
| main ()
| {
| return authgss_free_private_data ();
|   ;
|   return 0;
| }
configure:5121: result: no
configure:5135: checking /usr/include/tirpc/netconfig.h usability
configure:5135: gcc -c -g -O2  conftest.c >&5
configure:5135: $? = 0
configure:5135: result: yes
configure:5135: checking /usr/include/tirpc/netconfig.h presence
configure:5135: gcc -E  conftest.c
configure:5135: $? = 0
configure:5135: result: yes
configure:5135: checking for /usr/include/tirpc/netconfig.h
configure:5135: result: yes
configure:5177: checking for prctl
configure:5177: gcc -o conftest -g -O2   conftest.c  >&5
configure:5177: $? = 0
configure:5177: result: yes
configure:5194: checking for cap_get_proc in -lcap
configure:5219: gcc -o conftest -g -O2   conftest.c -lcap   >&5
configure:5219: $? = 0
configure:5228: result: yes
configure:5237: checking sys/capability.h usability
configure:5237: gcc -c -g -O2  conftest.c >&5
configure:5237: $? = 0
configure:5237: result: yes
configure:5237: checking sys/capability.h presence
configure:5237: gcc -E  conftest.c
configure:5237: $? = 0
configure:5237: result: yes
configure:5237: checking for sys/capability.h
configure:5237: result: yes
configure:5292: checking for libwrap
configure:5308: gcc -o conftest -g -O2   conftest.c -lwrap  >&5
configure:5308: $? = 0
configure:5310: result: yes
configure:5347: checking for special C compiler options needed for large files
configure:5392: result: no
configure:5398: checking for _FILE_OFFSET_BITS value needed for large files
configure:5423: gcc -c -g -O2  conftest.c >&5
configure:5423: $? = 0
configure:5455: result: no
configure:5604: checking for g++
configure:5620: found /usr/bin/g++
configure:5631: result: g++
configure:5658: checking for C++ compiler version
configure:5667: g++ --version >&5
g++ (GCC) 4.7.2 20121109 (Red Hat 4.7.2-8)
Copyright (C) 2012 Free Software Foundation, Inc.
This is free software; see the source for copying conditions.  There is NO
warranty; not even for MERCHANTABILITY or FITNESS FOR A PARTICULAR PURPOSE.

configure:5678: $? = 0
configure:5667: g++ -v >&5
Using built-in specs.
COLLECT_GCC=g++
COLLECT_LTO_WRAPPER=/usr/libexec/gcc/x86_64-redhat-linux/4.7.2/lto-wrapper
Target: x86_64-redhat-linux
Configured with: ../configure --prefix=/usr --mandir=/usr/share/man --infodir=/usr/share/info --with-bugurl=http://bugzilla.redhat.com/bugzilla --enable-bootstrap --enable-shared --enable-threads=posix --enable-checking=release --disable-build-with-cxx --disable-build-poststage1-with-cxx --with-system-zlib --enable-__cxa_atexit --disable-libunwind-exceptions --enable-gnu-unique-object --enable-linker-build-id --with-linker-hash-style=gnu --enable-languages=c,c++,objc,obj-c++,java,fortran,ada,go,lto --enable-plugin --enable-initfini-array --enable-java-awt=gtk --disable-dssi --with-java-home=/usr/lib/jvm/java-1.5.0-gcj-1.5.0.0/jre --enable-libgcj-multifile --enable-java-maintainer-mode --with-ecj-jar=/usr/share/java/eclipse-ecj.jar --disable-libjava-multilib --with-ppl --with-cloog --with-tune=generic --with-arch_32=i686 --build=x86_64-redhat-linux
Thread model: posix
gcc version 4.7.2 20121109 (Red Hat 4.7.2-8) (GCC) 
configure:5678: $? = 0
configure:5667: g++ -V >&5
g++: error: unrecognized command line option '-V'
g++: fatal error: no input files
compilation terminated.
configure:5678: $? = 4
configure:5667: g++ -qversion >&5
g++: error: unrecognized command line option '-qversion'
g++: fatal error: no input files
compilation terminated.
configure:5678: $? = 4
configure:5682: checking whether we are using the GNU C++ compiler
configure:5701: g++ -c   conftest.cpp >&5
configure:5701: $? = 0
configure:5710: result: yes
configure:5719: checking whether g++ accepts -g
configure:5739: g++ -c -g  conftest.cpp >&5
configure:5739: $? = 0
configure:5780: result: yes
configure:5805: checking dependency style of g++
configure:5916: result: gcc3
configure:5979: checking for gcc
configure:6006: result: gcc
configure:6235: checking for C compiler version
configure:6244: gcc --version >&5
gcc (GCC) 4.7.2 20121109 (Red Hat 4.7.2-8)
Copyright (C) 2012 Free Software Foundation, Inc.
This is free software; see the source for copying conditions.  There is NO
warranty; not even for MERCHANTABILITY or FITNESS FOR A PARTICULAR PURPOSE.

configure:6255: $? = 0
configure:6244: gcc -v >&5
Using built-in specs.
COLLECT_GCC=gcc
COLLECT_LTO_WRAPPER=/usr/libexec/gcc/x86_64-redhat-linux/4.7.2/lto-wrapper
Target: x86_64-redhat-linux
Configured with: ../configure --prefix=/usr --mandir=/usr/share/man --infodir=/usr/share/info --with-bugurl=http://bugzilla.redhat.com/bugzilla --enable-bootstrap --enable-shared --enable-threads=posix --enable-checking=release --disable-build-with-cxx --disable-build-poststage1-with-cxx --with-system-zlib --enable-__cxa_atexit --disable-libunwind-exceptions --enable-gnu-unique-object --enable-linker-build-id --with-linker-hash-style=gnu --enable-languages=c,c++,objc,obj-c++,java,fortran,ada,go,lto --enable-plugin --enable-initfini-array --enable-java-awt=gtk --disable-dssi --with-java-home=/usr/lib/jvm/java-1.5.0-gcj-1.5.0.0/jre --enable-libgcj-multifile --enable-java-maintainer-mode --with-ecj-jar=/usr/share/java/eclipse-ecj.jar --disable-libjava-multilib --with-ppl --with-cloog --with-tune=generic --with-arch_32=i686 --build=x86_64-redhat-linux
Thread model: posix
gcc version 4.7.2 20121109 (Red Hat 4.7.2-8) (GCC) 
configure:6255: $? = 0
configure:6244: gcc -V >&5
gcc: error: unrecognized command line option '-V'
gcc: fatal error: no input files
compilation terminated.
configure:6255: $? = 4
configure:6244: gcc -qversion >&5
gcc: error: unrecognized command line option '-qversion'
gcc: fatal error: no input files
compilation terminated.
configure:6255: $? = 4
configure:6259: checking whether we are using the GNU C compiler
configure:6287: result: yes
configure:6296: checking whether gcc accepts -g
configure:6357: result: yes
configure:6374: checking for gcc option to accept ISO C89
configure:6450: result: none needed
configure:6472: checking dependency style of gcc
configure:6583: result: gcc3
configure:6603: checking how to run the C preprocessor
configure:6673: result: gcc -E
configure:6693: gcc -E  conftest.c
configure:6693: $? = 0
configure:6707: gcc -E  conftest.c
conftest.c:28:28: fatal error: ac_nonexistent.h: No such file or directory
compilation terminated.
configure:6707: $? = 1
configure: failed program was:
| /* confdefs.h */
| #define PACKAGE_NAME "linux nfs-utils"
| #define PACKAGE_TARNAME "nfs-utils"
| #define PACKAGE_VERSION "1.2.8"
| #define PACKAGE_STRING "linux nfs-utils 1.2.8"
| #define PACKAGE_BUGREPORT "linux-nfs@vger.kernel.org"
| #define PACKAGE_URL ""
| #define PACKAGE "nfs-utils"
| #define VERSION "1.2.8"
| #define START_STATD "/usr/sbin/start-statd"
| #define STDC_HEADERS 1
| #define HAVE_SYS_TYPES_H 1
| #define HAVE_SYS_STAT_H 1
| #define HAVE_STDLIB_H 1
| #define HAVE_STRING_H 1
| #define HAVE_MEMORY_H 1
| #define HAVE_STRINGS_H 1
| #define HAVE_INTTYPES_H 1
| #define HAVE_STDINT_H 1
| #define HAVE_UNISTD_H 1
| #define HAVE__USR_INCLUDE_TIRPC_NETCONFIG_H 1
| #define HAVE_LIBTIRPC 1
| #define HAVE_SYS_CAPABILITY_H 1
| #define LIBWRAP 1
| #define HAVE_LIBWRAP 1
| #define HAVE_TCP_WRAPPER 1
| /* end confdefs.h.  */
| #include <ac_nonexistent.h>
configure:6736: checking whether ln -s works
configure:6740: result: yes
configure:6747: checking whether make sets $(MAKE)
configure:6769: result: yes
configure:6824: checking how to print strings
configure:6851: result: printf
configure:6872: checking for a sed that does not truncate output
configure:6936: result: /usr/bin/sed
configure:6954: checking for fgrep
configure:7016: result: /usr/bin/grep -F
configure:7051: checking for ld used by gcc
configure:7118: result: /usr/bin/ld
configure:7125: checking if the linker (/usr/bin/ld) is GNU ld
configure:7140: result: yes
configure:7152: checking for BSD- or MS-compatible name lister (nm)
configure:7201: result: /usr/bin/nm -B
configure:7331: checking the name lister (/usr/bin/nm -B) interface
configure:7338: gcc -c -g -O2  conftest.c >&5
configure:7341: /usr/bin/nm -B "conftest.o"
configure:7344: output
0000000000000000 B some_variable
configure:7351: result: BSD nm
configure:7355: checking the maximum length of command line arguments
configure:7485: result: 1572864
configure:7502: checking whether the shell understands some XSI constructs
configure:7512: result: yes
configure:7516: checking whether the shell understands "+="
configure:7522: result: yes
configure:7557: checking how to convert x86_64-unknown-linux-gnu file names to x86_64-unknown-linux-gnu format
configure:7597: result: func_convert_file_noop
configure:7604: checking how to convert x86_64-unknown-linux-gnu file names to toolchain format
configure:7624: result: func_convert_file_noop
configure:7631: checking for /usr/bin/ld option to reload object files
configure:7638: result: -r
configure:7712: checking for objdump
configure:7728: found /usr/bin/objdump
configure:7739: result: objdump
configure:7771: checking how to recognize dependent libraries
configure:7973: result: pass_all
configure:8058: checking for dlltool
configure:8088: result: no
configure:8118: checking how to associate runtime and link libraries
configure:8145: result: printf %s\n
configure:8205: checking for ar
configure:8221: found /usr/bin/ar
configure:8232: result: ar
configure:8269: checking for archiver @FILE support
configure:8286: gcc -c -g -O2  conftest.c >&5
configure:8286: $? = 0
configure:8289: ar cru libconftest.a @conftest.lst >&5
configure:8292: $? = 0
configure:8297: ar cru libconftest.a @conftest.lst >&5
ar: conftest.o: No such file or directory
configure:8300: $? = 1
configure:8312: result: @
configure:8370: checking for strip
configure:8386: found /usr/bin/strip
configure:8397: result: strip
configure:8469: checking for ranlib
configure:8485: found /usr/bin/ranlib
configure:8496: result: ranlib
configure:8598: checking command to parse /usr/bin/nm -B output from gcc object
configure:8718: gcc -c -g -O2  conftest.c >&5
configure:8721: $? = 0
configure:8725: /usr/bin/nm -B conftest.o \| sed -n -e 's/^.*[ ]\([ABCDGIRSTW][ABCDGIRSTW]*\)[ ][ ]*\([_A-Za-z][_A-Za-z0-9]*\)$/\1 \2 \2/p' | sed '/ __gnu_lto/d' \> conftest.nm
configure:8728: $? = 0
configure:8794: gcc -o conftest -g -O2   conftest.c conftstm.o >&5
configure:8797: $? = 0
configure:8835: result: ok
configure:8872: checking for sysroot
configure:8902: result: no
configure:8979: gcc -c -g -O2  conftest.c >&5
configure:8982: $? = 0
configure:9158: checking for mt
configure:9188: result: no
configure:9208: checking if : is a manifest tool
configure:9214: : '-?'
configure:9222: result: no
configure:9861: checking for dlfcn.h
configure:9861: gcc -c -g -O2  conftest.c >&5
configure:9861: $? = 0
configure:9861: result: yes
configure:10078: checking for objdir
configure:10093: result: .libs
configure:10364: checking if gcc supports -fno-rtti -fno-exceptions
configure:10382: gcc -c -g -O2  -fno-rtti -fno-exceptions conftest.c >&5
cc1: warning: command line option '-fno-rtti' is valid for C++/ObjC++ but not for C [enabled by default]
configure:10386: $? = 0
configure:10399: result: no
configure:10726: checking for gcc option to produce PIC
configure:10733: result: -fPIC -DPIC
configure:10741: checking if gcc PIC flag -fPIC -DPIC works
configure:10759: gcc -c -g -O2  -fPIC -DPIC -DPIC conftest.c >&5
configure:10763: $? = 0
configure:10776: result: yes
configure:10805: checking if gcc static flag -static works
configure:10833: result: no
configure:10848: checking if gcc supports -c -o file.o
configure:10869: gcc -c -g -O2  -o out/conftest2.o conftest.c >&5
configure:10873: $? = 0
configure:10895: result: yes
configure:10903: checking if gcc supports -c -o file.o
configure:10950: result: yes
configure:10983: checking whether the gcc linker (/usr/bin/ld -m elf_x86_64) supports shared libraries
configure:12136: result: yes
configure:12173: checking whether -lc should be explicitly linked in
configure:12181: gcc -c -g -O2  conftest.c >&5
configure:12184: $? = 0
configure:12199: gcc -shared  -fPIC -DPIC conftest.o  -v -Wl,-soname -Wl,conftest -o conftest 2\>\&1 \| /usr/bin/grep  -lc  \>/dev/null 2\>\&1
configure:12202: $? = 0
configure:12216: result: no
configure:12376: checking dynamic linker characteristics
configure:12887: gcc -o conftest -g -O2   -Wl,-rpath -Wl,/foo conftest.c  >&5
configure:12887: $? = 0
configure:13113: result: GNU/Linux ld.so
configure:13220: checking how to hardcode library paths into programs
configure:13245: result: immediate
configure:13785: checking whether stripping libraries is possible
configure:13790: result: yes
configure:13825: checking if libtool supports shared libraries
configure:13827: result: yes
configure:13830: checking whether to build shared libraries
configure:13851: result: yes
configure:13854: checking whether to build static libraries
configure:13858: result: yes
configure:13881: checking how to run the C++ preprocessor
configure:13908: g++ -E  conftest.cpp
configure:13908: $? = 0
configure:13922: g++ -E  conftest.cpp
conftest.cpp:30:28: fatal error: ac_nonexistent.h: No such file or directory
compilation terminated.
configure:13922: $? = 1
configure: failed program was:
| /* confdefs.h */
| #define PACKAGE_NAME "linux nfs-utils"
| #define PACKAGE_TARNAME "nfs-utils"
| #define PACKAGE_VERSION "1.2.8"
| #define PACKAGE_STRING "linux nfs-utils 1.2.8"
| #define PACKAGE_BUGREPORT "linux-nfs@vger.kernel.org"
| #define PACKAGE_URL ""
| #define PACKAGE "nfs-utils"
| #define VERSION "1.2.8"
| #define START_STATD "/usr/sbin/start-statd"
| #define STDC_HEADERS 1
| #define HAVE_SYS_TYPES_H 1
| #define HAVE_SYS_STAT_H 1
| #define HAVE_STDLIB_H 1
| #define HAVE_STRING_H 1
| #define HAVE_MEMORY_H 1
| #define HAVE_STRINGS_H 1
| #define HAVE_INTTYPES_H 1
| #define HAVE_STDINT_H 1
| #define HAVE_UNISTD_H 1
| #define HAVE__USR_INCLUDE_TIRPC_NETCONFIG_H 1
| #define HAVE_LIBTIRPC 1
| #define HAVE_SYS_CAPABILITY_H 1
| #define LIBWRAP 1
| #define HAVE_LIBWRAP 1
| #define HAVE_TCP_WRAPPER 1
| #define HAVE_DLFCN_H 1
| #define LT_OBJDIR ".libs/"
| /* end confdefs.h.  */
| #include <ac_nonexistent.h>
configure:13947: result: g++ -E
configure:13967: g++ -E  conftest.cpp
configure:13967: $? = 0
configure:13981: g++ -E  conftest.cpp
conftest.cpp:30:28: fatal error: ac_nonexistent.h: No such file or directory
compilation terminated.
configure:13981: $? = 1
configure: failed program was:
| /* confdefs.h */
| #define PACKAGE_NAME "linux nfs-utils"
| #define PACKAGE_TARNAME "nfs-utils"
| #define PACKAGE_VERSION "1.2.8"
| #define PACKAGE_STRING "linux nfs-utils 1.2.8"
| #define PACKAGE_BUGREPORT "linux-nfs@vger.kernel.org"
| #define PACKAGE_URL ""
| #define PACKAGE "nfs-utils"
| #define VERSION "1.2.8"
| #define START_STATD "/usr/sbin/start-statd"
| #define STDC_HEADERS 1
| #define HAVE_SYS_TYPES_H 1
| #define HAVE_SYS_STAT_H 1
| #define HAVE_STDLIB_H 1
| #define HAVE_STRING_H 1
| #define HAVE_MEMORY_H 1
| #define HAVE_STRINGS_H 1
| #define HAVE_INTTYPES_H 1
| #define HAVE_STDINT_H 1
| #define HAVE_UNISTD_H 1
| #define HAVE__USR_INCLUDE_TIRPC_NETCONFIG_H 1
| #define HAVE_LIBTIRPC 1
| #define HAVE_SYS_CAPABILITY_H 1
| #define LIBWRAP 1
| #define HAVE_LIBWRAP 1
| #define HAVE_TCP_WRAPPER 1
| #define HAVE_DLFCN_H 1
| #define LT_OBJDIR ".libs/"
| /* end confdefs.h.  */
| #include <ac_nonexistent.h>
configure:14150: checking for ld used by g++
configure:14217: result: /usr/bin/ld -m elf_x86_64
configure:14224: checking if the linker (/usr/bin/ld -m elf_x86_64) is GNU ld
configure:14239: result: yes
configure:14294: checking whether the g++ linker (/usr/bin/ld -m elf_x86_64) supports shared libraries
configure:15299: result: yes
configure:15335: g++ -c -g -O2  conftest.cpp >&5
configure:15338: $? = 0
configure:15858: checking for g++ option to produce PIC
configure:15865: result: -fPIC -DPIC
configure:15873: checking if g++ PIC flag -fPIC -DPIC works
configure:15891: g++ -c -g -O2  -fPIC -DPIC -DPIC conftest.cpp >&5
configure:15895: $? = 0
configure:15908: result: yes
configure:15931: checking if g++ static flag -static works
configure:15959: result: no
configure:15971: checking if g++ supports -c -o file.o
configure:15992: g++ -c -g -O2  -o out/conftest2.o conftest.cpp >&5
configure:15996: $? = 0
configure:16018: result: yes
configure:16023: checking if g++ supports -c -o file.o
configure:16070: result: yes
configure:16100: checking whether the g++ linker (/usr/bin/ld -m elf_x86_64) supports shared libraries
configure:16136: result: yes
configure:16277: checking dynamic linker characteristics
configure:16948: result: GNU/Linux ld.so
configure:17001: checking how to hardcode library paths into programs
configure:17026: result: immediate
configure:17088: checking whether gcc and cc understand -c and -o together
configure:17119: gcc -c conftest.c -o conftest2.o >&5
configure:17123: $? = 0
configure:17129: gcc -c conftest.c -o conftest2.o >&5
configure:17133: $? = 0
configure:17144: cc -c conftest.c >&5
configure:17148: $? = 0
configure:17156: cc -c conftest.c -o conftest2.o >&5
configure:17160: $? = 0
configure:17166: cc -c conftest.c -o conftest2.o >&5
configure:17170: $? = 0
configure:17188: result: yes
configure:17265: checking for ar
configure:17292: result: ar
configure:17357: checking for ld
configure:17384: result: /usr/bin/ld -m elf_x86_64
configure:17407: checking for ANSI C header files
configure:17511: result: yes
configure:17520: checking for GNU libc2
configure:17534: gcc -E  conftest.c
configure:17534: $? = 0
configure:17542: result: yes
configure:17550: checking for BSD signal semantics
configure:17589: gcc -o conftest -g -O2  -D_GNU_SOURCE  conftest.c  >&5
conftest.c:37:2: error: unknown type name 'RETSIGTYPE'
conftest.c: In function 'main':
conftest.c:48:3: warning: passing argument 2 of 'signal' from incompatible pointer type [enabled by default]
In file included from conftest.c:32:0:
/usr/include/signal.h:100:23: note: expected '__sighandler_t' but argument is of type 'int (*)(int)'
configure:17589: $? = 1
configure: program exited with status 1
configure: failed program was:
| /* confdefs.h */
| #define PACKAGE_NAME "linux nfs-utils"
| #define PACKAGE_TARNAME "nfs-utils"
| #define PACKAGE_VERSION "1.2.8"
| #define PACKAGE_STRING "linux nfs-utils 1.2.8"
| #define PACKAGE_BUGREPORT "linux-nfs@vger.kernel.org"
| #define PACKAGE_URL ""
| #define PACKAGE "nfs-utils"
| #define VERSION "1.2.8"
| #define START_STATD "/usr/sbin/start-statd"
| #define STDC_HEADERS 1
| #define HAVE_SYS_TYPES_H 1
| #define HAVE_SYS_STAT_H 1
| #define HAVE_STDLIB_H 1
| #define HAVE_STRING_H 1
| #define HAVE_MEMORY_H 1
| #define HAVE_STRINGS_H 1
| #define HAVE_INTTYPES_H 1
| #define HAVE_STDINT_H 1
| #define HAVE_UNISTD_H 1
| #define HAVE__USR_INCLUDE_TIRPC_NETCONFIG_H 1
| #define HAVE_LIBTIRPC 1
| #define HAVE_SYS_CAPABILITY_H 1
| #define LIBWRAP 1
| #define HAVE_LIBWRAP 1
| #define HAVE_TCP_WRAPPER 1
| #define HAVE_DLFCN_H 1
| #define LT_OBJDIR ".libs/"
| #define STDC_HEADERS 1
| /* end confdefs.h.  */
| 
| 	#include <signal.h>
| 	#include <unistd.h>
| 	#include <sys/wait.h>
| 
| 	static int counter = 0;
| 	static RETSIGTYPE handler(int num) { counter++; }
| 
| 	int main()
| 	{
| 		int	s;
| 		if ((s = fork()) < 0) return 1;
| 		if (s != 0) {
| 			if (wait(&s) < 0) return 1;
| 			return WIFSIGNALED(s)? 1 : 0;
| 		}
| 
| 		signal(SIGHUP, handler);
| 		kill(getpid(), SIGHUP); kill(getpid(), SIGHUP);
| 		return (counter == 2)? 0 : 1;
| 	}
| 
configure:17599: result: no
configure:17607: checking for gethostbyname
configure:17607: gcc -o conftest -g -O2  -D_GNU_SOURCE  conftest.c  >&5
configure:17607: $? = 0
configure:17607: result: yes
configure:17655: checking for connect
configure:17655: gcc -o conftest -g -O2  -D_GNU_SOURCE  conftest.c  >&5
configure:17655: $? = 0
configure:17655: result: yes
configure:17704: checking for getaddrinfo
configure:17704: gcc -o conftest -g -O2  -D_GNU_SOURCE  conftest.c  >&5
configure:17704: $? = 0
configure:17704: result: yes
configure:17712: checking for getrpcbynumber
configure:17712: gcc -o conftest -g -O2  -D_GNU_SOURCE  conftest.c  >&5
configure:17712: $? = 0
configure:17712: result: yes
configure:17720: checking for getservbyname
configure:17720: gcc -o conftest -g -O2  -D_GNU_SOURCE  conftest.c  >&5
configure:17720: $? = 0
configure:17720: result: yes
configure:17728: checking for crypt in -lcrypt
configure:17753: gcc -o conftest -g -O2  -D_GNU_SOURCE  conftest.c -lcrypt   >&5
configure:17753: $? = 0
configure:17762: result: yes
configure:17769: checking for dlclose in -ldl
configure:17794: gcc -o conftest -g -O2  -D_GNU_SOURCE  conftest.c -ldl   >&5
configure:17794: $? = 0
configure:17803: result: yes
configure:17813: checking for event_dispatch in -levent
configure:17838: gcc -o conftest -g -O2  -D_GNU_SOURCE  conftest.c -levent   >&5
configure:17838: $? = 0
configure:17847: result: yes
configure:17859: checking event.h usability
configure:17859: gcc -c -g -O2  -D_GNU_SOURCE conftest.c >&5
configure:17859: $? = 0
configure:17859: result: yes
configure:17859: checking event.h presence
configure:17859: gcc -E  -D_GNU_SOURCE conftest.c
configure:17859: $? = 0
configure:17859: result: yes
configure:17859: checking for event.h
configure:17859: result: yes
configure:17876: checking for nfs4_init_name_mapping in -lnfsidmap
configure:17901: gcc -o conftest -g -O2  -D_GNU_SOURCE  conftest.c -lnfsidmap   >&5
configure:17901: $? = 0
configure:17910: result: yes
configure:17921: checking nfsidmap.h usability
configure:17921: gcc -c -g -O2  -D_GNU_SOURCE conftest.c >&5
configure:17921: $? = 0
configure:17921: result: yes
configure:17921: checking nfsidmap.h presence
configure:17921: gcc -E  -D_GNU_SOURCE conftest.c
configure:17921: $? = 0
configure:17921: result: yes
configure:17921: checking for nfsidmap.h
configure:17921: result: yes
configure:17934: checking for nfs4_set_debug in -lnfsidmap
configure:17959: gcc -o conftest -g -O2  -D_GNU_SOURCE  conftest.c -lnfsidmap   >&5
configure:17959: $? = 0
configure:17968: result: yes
configure:17977: checking for nfs4_owner_to_uid in -lnfsidmap
configure:18002: gcc -o conftest -g -O2  -D_GNU_SOURCE  conftest.c -lnfsidmap   >&5
configure:18002: $? = 0
configure:18011: result: yes
configure:18024: checking for keyctl_instantiate in -lkeyutils
configure:18049: gcc -o conftest -g -O2  -D_GNU_SOURCE  conftest.c -lkeyutils   >&5
configure:18049: $? = 0
configure:18058: result: yes
configure:18068: checking keyutils.h usability
configure:18068: gcc -c -g -O2  -D_GNU_SOURCE conftest.c >&5
configure:18068: $? = 0
configure:18068: result: yes
configure:18068: checking keyutils.h presence
configure:18068: gcc -E  -D_GNU_SOURCE conftest.c
configure:18068: $? = 0
configure:18068: result: yes
configure:18068: checking for keyutils.h
configure:18068: result: yes
configure:18084: checking sqlite3.h usability
configure:18084: gcc -c -g -O2  -D_GNU_SOURCE conftest.c >&5
configure:18084: $? = 0
configure:18084: result: yes
configure:18084: checking sqlite3.h presence
configure:18084: gcc -E  -D_GNU_SOURCE conftest.c
configure:18084: $? = 0
configure:18084: result: yes
configure:18084: checking for sqlite3.h
configure:18084: result: yes
configure:18095: checking for sqlite3_libversion_number in -lsqlite3
configure:18120: gcc -o conftest -g -O2  -D_GNU_SOURCE  conftest.c -lsqlite3   >&5
configure:18120: $? = 0
configure:18129: result: yes
configure:18137: checking for suitable sqlite3 version
configure:18163: gcc -o conftest -g -O2  -D_GNU_SOURCE  conftest.c -lsqlite3 >&5
configure:18163: $? = 0
configure:18163: ./conftest
configure:18163: $? = 0
configure:18176: result: yes
configure:18184: checking libgen.h usability
configure:18184: gcc -c -g -O2  -D_GNU_SOURCE conftest.c >&5
configure:18184: $? = 0
configure:18184: result: yes
configure:18184: checking libgen.h presence
configure:18184: gcc -E  -D_GNU_SOURCE conftest.c
configure:18184: $? = 0
configure:18184: result: yes
configure:18184: checking for libgen.h
configure:18184: result: yes
configure:18184: checking sys/inotify.h usability
configure:18184: gcc -c -g -O2  -D_GNU_SOURCE conftest.c >&5
configure:18184: $? = 0
configure:18184: result: yes
configure:18184: checking sys/inotify.h presence
configure:18184: gcc -E  -D_GNU_SOURCE conftest.c
configure:18184: $? = 0
configure:18184: result: yes
configure:18184: checking for sys/inotify.h
configure:18184: result: yes
configure:18212: checking for dm_task_create in -ldevmapper
configure:18237: gcc -o conftest -g -O2  -D_GNU_SOURCE  conftest.c -ldevmapper   >&5
configure:18237: $? = 0
configure:18246: result: yes
configure:18254: checking libdevmapper.h usability
configure:18254: gcc -c -g -O2  -D_GNU_SOURCE conftest.c >&5
configure:18254: $? = 0
configure:18254: result: yes
configure:18254: checking libdevmapper.h presence
configure:18254: gcc -E  -D_GNU_SOURCE conftest.c
configure:18254: $? = 0
configure:18254: result: yes
configure:18254: checking for libdevmapper.h
configure:18254: result: yes
configure:18262: checking for sys/inotify.h
configure:18262: result: yes
configure:18334: checking for blkid_get_library_version in -lblkid
configure:18359: gcc -o conftest -g -O2  -D_GNU_SOURCE  conftest.c -lblkid   >&5
configure:18359: $? = 0
configure:18368: result: yes
configure:18376: checking blkid/blkid.h usability
configure:18376: gcc -c -g -O2  -D_GNU_SOURCE conftest.c >&5
configure:18376: $? = 0
configure:18376: result: yes
configure:18376: checking blkid/blkid.h presence
configure:18376: gcc -E  -D_GNU_SOURCE conftest.c
configure:18376: $? = 0
configure:18376: result: yes
configure:18376: checking for blkid/blkid.h
configure:18376: result: yes
configure:18385: checking for suitable libblkid version
configure:18407: gcc -o conftest -g -O2  -D_GNU_SOURCE  conftest.c -lblkid >&5
configure:18407: $? = 0
configure:18407: ./conftest
configure:18407: $? = 0
configure:18419: result: yes
configure:19583: checking arpa/inet.h usability
configure:19583: gcc -c -g -O2  -D_GNU_SOURCE conftest.c >&5
configure:19583: $? = 0
configure:19583: result: yes
configure:19583: checking arpa/inet.h presence
configure:19583: gcc -E  -D_GNU_SOURCE conftest.c
configure:19583: $? = 0
configure:19583: result: yes
configure:19583: checking for arpa/inet.h
configure:19583: result: yes
configure:19583: checking fcntl.h usability
configure:19583: gcc -c -g -O2  -D_GNU_SOURCE conftest.c >&5
configure:19583: $? = 0
configure:19583: result: yes
configure:19583: checking fcntl.h presence
configure:19583: gcc -E  -D_GNU_SOURCE conftest.c
configure:19583: $? = 0
configure:19583: result: yes
configure:19583: checking for fcntl.h
configure:19583: result: yes
configure:19583: checking libintl.h usability
configure:19583: gcc -c -g -O2  -D_GNU_SOURCE conftest.c >&5
configure:19583: $? = 0
configure:19583: result: yes
configure:19583: checking libintl.h presence
configure:19583: gcc -E  -D_GNU_SOURCE conftest.c
configure:19583: $? = 0
configure:19583: result: yes
configure:19583: checking for libintl.h
configure:19583: result: yes
configure:19583: checking limits.h usability
configure:19583: gcc -c -g -O2  -D_GNU_SOURCE conftest.c >&5
configure:19583: $? = 0
configure:19583: result: yes
configure:19583: checking limits.h presence
configure:19583: gcc -E  -D_GNU_SOURCE conftest.c
configure:19583: $? = 0
configure:19583: result: yes
configure:19583: checking for limits.h
configure:19583: result: yes
configure:19583: checking malloc.h usability
configure:19583: gcc -c -g -O2  -D_GNU_SOURCE conftest.c >&5
configure:19583: $? = 0
configure:19583: result: yes
configure:19583: checking malloc.h presence
configure:19583: gcc -E  -D_GNU_SOURCE conftest.c
configure:19583: $? = 0
configure:19583: result: yes
configure:19583: checking for malloc.h
configure:19583: result: yes
configure:19583: checking for memory.h
configure:19583: result: yes
configure:19583: checking netdb.h usability
configure:19583: gcc -c -g -O2  -D_GNU_SOURCE conftest.c >&5
configure:19583: $? = 0
configure:19583: result: yes
configure:19583: checking netdb.h presence
configure:19583: gcc -E  -D_GNU_SOURCE conftest.c
configure:19583: $? = 0
configure:19583: result: yes
configure:19583: checking for netdb.h
configure:19583: result: yes
configure:19583: checking netinet/in.h usability
configure:19583: gcc -c -g -O2  -D_GNU_SOURCE conftest.c >&5
configure:19583: $? = 0
configure:19583: result: yes
configure:19583: checking netinet/in.h presence
configure:19583: gcc -E  -D_GNU_SOURCE conftest.c
configure:19583: $? = 0
configure:19583: result: yes
configure:19583: checking for netinet/in.h
configure:19583: result: yes
configure:19583: checking paths.h usability
configure:19583: gcc -c -g -O2  -D_GNU_SOURCE conftest.c >&5
configure:19583: $? = 0
configure:19583: result: yes
configure:19583: checking paths.h presence
configure:19583: gcc -E  -D_GNU_SOURCE conftest.c
configure:19583: $? = 0
configure:19583: result: yes
configure:19583: checking for paths.h
configure:19583: result: yes
configure:19583: checking for stdlib.h
configure:19583: result: yes
configure:19583: checking for string.h
configure:19583: result: yes
configure:19583: checking sys/file.h usability
configure:19583: gcc -c -g -O2  -D_GNU_SOURCE conftest.c >&5
configure:19583: $? = 0
configure:19583: result: yes
configure:19583: checking sys/file.h presence
configure:19583: gcc -E  -D_GNU_SOURCE conftest.c
configure:19583: $? = 0
configure:19583: result: yes
configure:19583: checking for sys/file.h
configure:19583: result: yes
configure:19583: checking sys/ioctl.h usability
configure:19583: gcc -c -g -O2  -D_GNU_SOURCE conftest.c >&5

## ---------------- ##
## Cache variables. ##
## ---------------- ##

ac_cv_build=x86_64-unknown-linux-gnu
ac_cv_c_compiler_gnu=yes
ac_cv_cxx_compiler_gnu=yes
ac_cv_env_CCC_set=
ac_cv_env_CCC_value=
ac_cv_env_CC_set=
ac_cv_env_CC_value=
ac_cv_env_CFLAGS_set=
ac_cv_env_CFLAGS_value=
ac_cv_env_CPPFLAGS_set=
ac_cv_env_CPPFLAGS_value=
ac_cv_env_CPP_set=
ac_cv_env_CPP_value=
ac_cv_env_CXXCPP_set=
ac_cv_env_CXXCPP_value=
ac_cv_env_CXXFLAGS_set=
ac_cv_env_CXXFLAGS_value=
ac_cv_env_CXX_set=
ac_cv_env_CXX_value=
ac_cv_env_GSSGLUE_CFLAGS_set=
ac_cv_env_GSSGLUE_CFLAGS_value=
ac_cv_env_GSSGLUE_LIBS_set=
ac_cv_env_GSSGLUE_LIBS_value=
ac_cv_env_LDFLAGS_set=
ac_cv_env_LDFLAGS_value=
ac_cv_env_LIBS_set=
ac_cv_env_LIBS_value=
ac_cv_env_PKG_CONFIG_LIBDIR_set=
ac_cv_env_PKG_CONFIG_LIBDIR_value=
ac_cv_env_PKG_CONFIG_PATH_set=
ac_cv_env_PKG_CONFIG_PATH_value=
ac_cv_env_PKG_CONFIG_set=
ac_cv_env_PKG_CONFIG_value=
ac_cv_env_RPCSECGSS_CFLAGS_set=
ac_cv_env_RPCSECGSS_CFLAGS_value=
ac_cv_env_RPCSECGSS_LIBS_set=
ac_cv_env_RPCSECGSS_LIBS_value=
ac_cv_env_build_alias_set=
ac_cv_env_build_alias_value=
ac_cv_env_host_alias_set=
ac_cv_env_host_alias_value=
ac_cv_env_target_alias_set=
ac_cv_env_target_alias_value=
ac_cv_func_connect=yes
ac_cv_func_getaddrinfo=yes
ac_cv_func_gethostbyname=yes
ac_cv_func_getrpcbynumber=yes
ac_cv_func_getservbyname=yes
ac_cv_func_prctl=yes
ac_cv_header__usr_include_tirpc_netconfig_h=yes
ac_cv_header_arpa_inet_h=yes
ac_cv_header_blkid_blkid_h=yes
ac_cv_header_dlfcn_h=yes
ac_cv_header_event_h=yes
ac_cv_header_fcntl_h=yes
ac_cv_header_inttypes_h=yes
ac_cv_header_keyutils_h=yes
ac_cv_header_libdevmapper_h=yes
ac_cv_header_libgen_h=yes
ac_cv_header_libintl_h=yes
ac_cv_header_limits_h=yes
ac_cv_header_malloc_h=yes
ac_cv_header_memory_h=yes
ac_cv_header_netdb_h=yes
ac_cv_header_netinet_in_h=yes
ac_cv_header_nfsidmap_h=yes
ac_cv_header_paths_h=yes
ac_cv_header_sqlite3_h=yes
ac_cv_header_stdc=yes
ac_cv_header_stdint_h=yes
ac_cv_header_stdlib_h=yes
ac_cv_header_string_h=yes
ac_cv_header_strings_h=yes
ac_cv_header_sys_capability_h=yes
ac_cv_header_sys_file_h=yes
ac_cv_header_sys_inotify_h=yes
ac_cv_header_sys_stat_h=yes
ac_cv_header_sys_types_h=yes
ac_cv_header_unistd_h=yes
ac_cv_host=x86_64-unknown-linux-gnu
ac_cv_lib_blkid_blkid_get_library_version=yes
ac_cv_lib_cap_cap_get_proc=yes
ac_cv_lib_crypt_crypt=yes
ac_cv_lib_devmapper_dm_task_create=yes
ac_cv_lib_dl_dlclose=yes
ac_cv_lib_event_event_dispatch=yes
ac_cv_lib_keyutils_keyctl_instantiate=yes
ac_cv_lib_nfsidmap_nfs4_init_name_mapping=yes
ac_cv_lib_nfsidmap_nfs4_owner_to_uid=yes
ac_cv_lib_nfsidmap_nfs4_set_debug=yes
ac_cv_lib_sqlite3_sqlite3_libversion_number=yes
ac_cv_lib_tirpc_authgss_free_private_data=no
ac_cv_lib_tirpc_clnt_tli_create=yes
ac_cv_objext=o
ac_cv_path_EGREP='/usr/bin/grep -E'
ac_cv_path_FGREP='/usr/bin/grep -F'
ac_cv_path_GREP=/usr/bin/grep
ac_cv_path_SED=/usr/bin/sed
ac_cv_path_install='/usr/bin/install -c'
ac_cv_path_mkdir=/usr/bin/mkdir
ac_cv_prog_AWK=gawk
ac_cv_prog_CPP='gcc -E'
ac_cv_prog_CXXCPP='g++ -E'
ac_cv_prog_ac_ct_AR=ar
ac_cv_prog_ac_ct_CC=gcc
ac_cv_prog_ac_ct_CXX=g++
ac_cv_prog_ac_ct_LD='/usr/bin/ld -m elf_x86_64'
ac_cv_prog_ac_ct_OBJDUMP=objdump
ac_cv_prog_ac_ct_RANLIB=ranlib
ac_cv_prog_ac_ct_STRIP=strip
ac_cv_prog_cc_c89=
ac_cv_prog_cc_g=yes
ac_cv_prog_cc_gcc_c_o=yes
ac_cv_prog_cxx_g=yes
ac_cv_prog_make_make_set=yes
ac_cv_sys_file_offset_bits=no
ac_cv_sys_largefile_CC=no
am_cv_CC_dependencies_compiler_type=gcc3
am_cv_CXX_dependencies_compiler_type=gcc3
knfsd_cv_bsd_signals=no
knfsd_cv_glibc2=yes
libblkid_cv_is_recent=yes
libsqlite3_cv_is_recent=yes
lt_cv_ar_at_file=@
lt_cv_archive_cmds_need_lc=no
lt_cv_deplibs_check_method=pass_all
lt_cv_file_magic_cmd='$MAGIC_CMD'
lt_cv_file_magic_test_file=
lt_cv_ld_reload_flag=-r
lt_cv_nm_interface='BSD nm'
lt_cv_objdir=.libs
lt_cv_path_LD=/usr/bin/ld
lt_cv_path_LDCXX='/usr/bin/ld -m elf_x86_64'
lt_cv_path_NM='/usr/bin/nm -B'
lt_cv_path_mainfest_tool=no
lt_cv_prog_compiler_c_o=yes
lt_cv_prog_compiler_c_o_CXX=yes
lt_cv_prog_compiler_pic='-fPIC -DPIC'
lt_cv_prog_compiler_pic_CXX='-fPIC -DPIC'
lt_cv_prog_compiler_pic_works=yes
lt_cv_prog_compiler_pic_works_CXX=yes
lt_cv_prog_compiler_rtti_exceptions=no
lt_cv_prog_compiler_static_works=no
lt_cv_prog_compiler_static_works_CXX=no
lt_cv_prog_gnu_ld=yes
lt_cv_prog_gnu_ldcxx=yes
lt_cv_sharedlib_from_linklib_cmd='printf %s\n'
lt_cv_shlibpath_overrides_runpath=no
lt_cv_sys_global_symbol_pipe='sed -n -e '\''s/^.*[	 ]\([ABCDGIRSTW][ABCDGIRSTW]*\)[	 ][	 ]*\([_A-Za-z][_A-Za-z0-9]*\)$/\1 \2 \2/p'\'' | sed '\''/ __gnu_lto/d'\'''
lt_cv_sys_global_symbol_to_c_name_address='sed -n -e '\''s/^: \([^ ]*\)[ ]*$/  {\"\1\", (void *) 0},/p'\'' -e '\''s/^[ABCDGIRSTW]* \([^ ]*\) \([^ ]*\)$/  {"\2", (void *) \&\2},/p'\'''
lt_cv_sys_global_symbol_to_c_name_address_lib_prefix='sed -n -e '\''s/^: \([^ ]*\)[ ]*$/  {\"\1\", (void *) 0},/p'\'' -e '\''s/^[ABCDGIRSTW]* \([^ ]*\) \(lib[^ ]*\)$/  {"\2", (void *) \&\2},/p'\'' -e '\''s/^[ABCDGIRSTW]* \([^ ]*\) \([^ ]*\)$/  {"lib\2", (void *) \&\2},/p'\'''
lt_cv_sys_global_symbol_to_cdecl='sed -n -e '\''s/^T .* \(.*\)$/extern int \1();/p'\'' -e '\''s/^[ABCDGIRSTW]* .* \(.*\)$/extern char \1;/p'\'''
lt_cv_sys_max_cmd_len=1572864
lt_cv_to_host_file_cmd=func_convert_file_noop
lt_cv_to_tool_file_cmd=func_convert_file_noop

## ----------------- ##
## Output variables. ##
## ----------------- ##

ACLOCAL='${SHELL} /tmp/nfs-utils-1.2.8/missing --run aclocal-1.12'
ACLOCAL_AMFLAGS=''
ALLOCA=''
AMDEPBACKSLASH='\'
AMDEP_FALSE='#'
AMDEP_TRUE=''
AMTAR='$${TAR-tar}'
AM_CFLAGS=''
AM_CPPFLAGS='-I/usr/include/tirpc'
AR='ar'
AUTOCONF='${SHELL} /tmp/nfs-utils-1.2.8/missing --run autoconf'
AUTOHEADER='${SHELL} /tmp/nfs-utils-1.2.8/missing --run autoheader'
AUTOMAKE='${SHELL} /tmp/nfs-utils-1.2.8/missing --run automake-1.12'
AWK='gawk'
CC='gcc'
CCDEPMODE='depmode=gcc3'
CC_FOR_BUILD='gcc'
CFLAGS='-g -O2'
CFLAGS_FOR_BUILD=''
CONFIG_GSS_FALSE=''
CONFIG_GSS_TRUE='#'
CONFIG_IPV6_FALSE=''
CONFIG_IPV6_TRUE='#'
CONFIG_LIBMOUNT_FALSE=''
CONFIG_LIBMOUNT_TRUE='#'
CONFIG_MOUNT_FALSE='#'
CONFIG_MOUNT_TRUE=''
CONFIG_NFSDCLTRACK_FALSE='#'
CONFIG_NFSDCLTRACK_TRUE=''
CONFIG_NFSIDMAP_FALSE='#'
CONFIG_NFSIDMAP_TRUE=''
CONFIG_NFSV41_FALSE='#'
CONFIG_NFSV41_TRUE=''
CONFIG_NFSV4_FALSE='#'
CONFIG_NFSV4_TRUE=''
CONFIG_RPCGEN_FALSE=''
CONFIG_RPCGEN_TRUE='#'
CPP='gcc -E'
CPPFLAGS=' -D_GNU_SOURCE'
CPPFLAGS_FOR_BUILD=' -D_GNU_SOURCE'
CXX='g++'
CXXCPP='g++ -E'
CXXDEPMODE='depmode=gcc3'
CXXFLAGS='-g -O2'
CXXFLAGS_FOR_BUILD=''
CYGPATH_W='echo'
DEFS=''
DEPDIR='.deps'
DLLTOOL='false'
DSYMUTIL=''
DUMPBIN=''
ECHO_C=''
ECHO_N='-n'
ECHO_T=''
EGREP='/usr/bin/grep -E'
EXEEXT=''
FGREP='/usr/bin/grep -F'
GREP='/usr/bin/grep'
GSSAPI_CFLAGS=''
GSSAPI_LIBS=''
GSSD=''
GSSGLUE_CFLAGS=''
GSSGLUE_LIBS=''
GSSKRB_CFLAGS=''
GSSKRB_LIBS=''
HAVE_LIBWRAP=''
HAVE_TCP_WRAPPER=''
IDMAPD='idmapd'
INSTALL_DATA='${INSTALL} -m 644'
INSTALL_PROGRAM='${INSTALL}'
INSTALL_SCRIPT='${INSTALL}'
INSTALL_STRIP_PROGRAM='$(install_sh) -c -s'
K5VERS=''
KRBCFLAGS=''
KRBDIR=''
KRBLDFLAGS=''
KRBLIBS=''
LD='/usr/bin/ld -m elf_x86_64'
LDFLAGS=''
LDFLAGS_FOR_BUILD=''
LIBBLKID='-lblkid'
LIBBSD=''
LIBCAP='-lcap'
LIBCRYPT='-lcrypt'
LIBDL='-ldl'
LIBEVENT='-levent'
LIBKEYUTILS='-lkeyutils'
LIBMOUNT=''
LIBNFSIDMAP='-lnfsidmap'
LIBNSL=''
LIBOBJS=''
LIBS=''
LIBSOCKET=''
LIBSQLITE='-lsqlite3'
LIBTIRPC='-ltirpc'
LIBTOOL='$(SHELL) $(top_builddir)/libtool'
LIBWRAP='-lwrap'
LIPO=''
LN_S='ln -s'
LTLIBOBJS=''
MAINT='#'
MAINTAINER_MODE_FALSE=''
MAINTAINER_MODE_TRUE='#'
MAKEINFO='${SHELL} /tmp/nfs-utils-1.2.8/missing --run makeinfo'
MANIFEST_TOOL=':'
MKDIR_P='/usr/bin/mkdir -p'
MOUNT_CONFIG_FALSE=''
MOUNT_CONFIG_TRUE='#'
NM='/usr/bin/nm -B'
NMEDIT=''
OBJDUMP='objdump'
OBJEXT='o'
OTOOL64=''
OTOOL=''
PACKAGE='nfs-utils'
PACKAGE_BUGREPORT='linux-nfs@vger.kernel.org'
PACKAGE_NAME='linux nfs-utils'
PACKAGE_STRING='linux nfs-utils 1.2.8'
PACKAGE_TARNAME='nfs-utils'
PACKAGE_URL=''
PACKAGE_VERSION='1.2.8'
PATH_SEPARATOR=':'
PKG_CONFIG=''
PKG_CONFIG_LIBDIR=''
PKG_CONFIG_PATH=''
RANLIB='ranlib'
RELEASE='1'
RPCGEN_PATH='/usr/bin/rpcgen'
RPCSECGSS_CFLAGS=''
RPCSECGSS_LIBS=''
SED='/usr/bin/sed'
SET_MAKE=''
SHELL='/bin/sh'
STRIP='strip'
SVCGSSD=''
VERSION='1.2.8'
ac_ct_AR='ar'
ac_ct_CC='gcc'
ac_ct_CXX='g++'
ac_ct_DUMPBIN=''
am__EXEEXT_FALSE=''
am__EXEEXT_TRUE=''
am__fastdepCC_FALSE='#'
am__fastdepCC_TRUE=''
am__fastdepCXX_FALSE='#'
am__fastdepCXX_TRUE=''
am__include='include'
am__isrc=''
am__leading_dot='.'
am__nodep='_no'
am__quote=''
am__tar='$${TAR-tar} chof - "$$tardir"'
am__untar='$${TAR-tar} xf -'
bindir='${exec_prefix}/bin'
build='x86_64-unknown-linux-gnu'
build_alias=''
build_cpu='x86_64'
build_os='linux-gnu'
build_vendor='unknown'
datadir='${datarootdir}'
datarootdir='${prefix}/share'
docdir='${datarootdir}/doc/${PACKAGE_TARNAME}'
dvidir='${docdir}'
enable_gss=''
enable_ipv6=''
enable_mountconfig=''
enable_nfsv41='yes'
enable_nfsv4='yes'
exec_prefix='NONE'
host='x86_64-unknown-linux-gnu'
host_alias=''
host_cpu='x86_64'
host_os='linux-gnu'
host_vendor='unknown'
htmldir='${docdir}'
includedir='${prefix}/include'
infodir='${datarootdir}/info'
install_sh='${SHELL} /tmp/nfs-utils-1.2.8/install-sh'
kprefix=''
libdir='${exec_prefix}/lib'
libexecdir='${exec_prefix}/libexec'
localedir='${datarootdir}/locale'
localstatedir='${prefix}/var'
mandir='${datarootdir}/man'
mkdir_p='$(MKDIR_P)'
mountfile=''
oldincludedir='/usr/include'
pdfdir='${docdir}'
prefix='NONE'
program_transform_name='s,x,x,'
psdir='${docdir}'
sbindir='${exec_prefix}/sbin'
sharedstatedir='${prefix}/com'
startstatd='/usr/sbin/start-statd'
statdpath='/var/lib/nfs'
statduser='rpcuser'
statedir='/var/lib/nfs'
sysconfdir='${prefix}/etc'
target_alias=''

## ----------- ##
## confdefs.h. ##
## ----------- ##

/* confdefs.h */
#define PACKAGE_NAME "linux nfs-utils"
#define PACKAGE_TARNAME "nfs-utils"
#define PACKAGE_VERSION "1.2.8"
#define PACKAGE_STRING "linux nfs-utils 1.2.8"
#define PACKAGE_BUGREPORT "linux-nfs@vger.kernel.org"
#define PACKAGE_URL ""
#define PACKAGE "nfs-utils"
#define VERSION "1.2.8"
#define START_STATD "/usr/sbin/start-statd"
#define STDC_HEADERS 1
#define HAVE_SYS_TYPES_H 1
#define HAVE_SYS_STAT_H 1
#define HAVE_STDLIB_H 1
#define HAVE_STRING_H 1
#define HAVE_MEMORY_H 1
#define HAVE_STRINGS_H 1
#define HAVE_INTTYPES_H 1
#define HAVE_STDINT_H 1
#define HAVE_UNISTD_H 1
#define HAVE__USR_INCLUDE_TIRPC_NETCONFIG_H 1
#define HAVE_LIBTIRPC 1
#define HAVE_SYS_CAPABILITY_H 1
#define LIBWRAP 1
#define HAVE_LIBWRAP 1
#define HAVE_TCP_WRAPPER 1
#define HAVE_DLFCN_H 1
#define LT_OBJDIR ".libs/"
#define STDC_HEADERS 1
#define HAVE_EVENT_H 1
#define HAVE_NFSIDMAP_H 1
#define HAVE_NFS4_SET_DEBUG 1
#define HAVE_KEYUTILS_H 1
#define HAVE_SQLITE3_H 1
#define HAVE_LIBGEN_H 1
#define HAVE_SYS_INOTIFY_H 1
#define USE_BLKID 1
#define HAVE_ARPA_INET_H 1
#define HAVE_FCNTL_H 1
#define HAVE_LIBINTL_H 1
#define HAVE_LIMITS_H 1
#define HAVE_MALLOC_H 1
#define HAVE_MEMORY_H 1
#define HAVE_NETDB_H 1
#define HAVE_NETINET_IN_H 1
#define HAVE_PATHS_H 1
#define HAVE_STDLIB_H 1
#define HAVE_STRING_H 1
#define HAVE_SYS_FILE_H 1

configure: caught signal 2
configure: exit 1
